Configuration file: /media/hao/DS/OTHER/Blog/smartadpole.github.io/_config.yml
            Source: /media/hao/DS/OTHER/Blog/smartadpole.github.io
       Destination: /media/hao/DS/OTHER/Blog/smartadpole.github.io/_site
 Incremental build: enabled
      Generating... 
                    done in 5.186 seconds.
 Auto-regeneration: enabled for '/media/hao/DS/OTHER/Blog/smartadpole.github.io'
    Server address: http://127.0.0.1:4000/
  Server running... press ctrl-c to stop.
      Regenerating: 1 file(s) changed at 2020-01-10 10:51:32
                    assets/images/tools/qt/release/error.png
                    ...done in 5.274497916 seconds.
                    
      Regenerating: 1 file(s) changed at 2020-01-10 10:52:22
                    assets/images/tools/qt/release/error.png
                    ...done in 5.304003026 seconds.
                    
      Regenerating: 1 file(s) changed at 2020-01-10 10:53:32
                    _posts/work/tool/qt/2020-01-10-release.md
                    ...done in 5.407401611 seconds.
                    
      Regenerating: 1 file(s) changed at 2020-01-10 10:53:56
                    _posts/work/tool/qt/2020-01-10-release.md
                    ...done in 5.617696895 seconds.
                    
      Regenerating: 1 file(s) changed at 2020-01-10 11:03:20
                    _posts/work/tool/qt/2020-01-10-release.md
                    ...done in 5.340902867 seconds.
                    
      Regenerating: 1 file(s) changed at 2020-01-10 11:04:29
                    _posts/work/tool/qt/2020-01-10-release.md
                    ...done in 5.485950491 seconds.
                    
      Regenerating: 1 file(s) changed at 2020-01-10 11:05:26
                    _posts/work/tool/qt/2020-01-10-release.md
                    ...done in 5.431772477 seconds.
                    
      Regenerating: 1 file(s) changed at 2020-01-10 11:06:10
                    _posts/work/tool/qt/2020-01-10-release.md
                    ...done in 5.505866703 seconds.
                    
      Regenerating: 1 file(s) changed at 2020-01-10 11:07:02
                    _posts/work/tool/qt/2020-01-10-release.md
                    ...done in 5.492263789 seconds.
                    
      Regenerating: 1 file(s) changed at 2020-01-10 11:07:25
                    _posts/work/tool/qt/2020-01-10-release.md
                    ...done in 5.548740676 seconds.
                    
      Regenerating: 1 file(s) changed at 2020-01-10 11:08:35
                    _posts/work/tool/qt/2020-01-10-release.md
                    ...done in 5.424114113 seconds.
                    
      Regenerating: 1 file(s) changed at 2020-01-10 11:09:16
                    _posts/work/tool/qt/2020-01-10-release.md
                    ...done in 5.480819495 seconds.
                    
      Regenerating: 1 file(s) changed at 2020-01-10 11:21:26
                    _posts/work/tool/qt/2020-01-10-release.md
                    ...done in 5.600937012 seconds.
                    
      Regenerating: 1 file(s) changed at 2020-01-10 11:22:14
                    _posts/work/tool/qt/2020-01-10-release.md
                    ...done in 5.551970847 seconds.
                    
      Regenerating: 1 file(s) changed at 2020-01-10 11:22:19
                    _posts/work/tool/qt/2020-01-10-release.md
                    ...done in 5.698183118 seconds.
                    
      Regenerating: 1 file(s) changed at 2020-01-10 11:22:29
                    _posts/work/tool/qt/2020-01-10-release.md
                    ...done in 5.676343112 seconds.
                    
      Regenerating: 1 file(s) changed at 2020-01-10 11:22:34
                    _posts/work/tool/qt/2020-01-10-release.md
                    ...done in 5.623022273 seconds.
                    
      Regenerating: 1 file(s) changed at 2020-01-10 11:22:45
                    _posts/work/tool/qt/2020-01-10-release.md
                    ...done in 5.556030112 seconds.
                    
      Regenerating: 1 file(s) changed at 2020-01-10 11:23:03
                    _posts/work/tool/qt/2020-01-10-release.md
                    ...done in 5.489325753 seconds.
                    
      Regenerating: 1 file(s) changed at 2020-01-10 11:23:09
                    _posts/work/tool/qt/2020-01-10-release.md
                    ...done in 5.766485488 seconds.
                    
      Regenerating: 1 file(s) changed at 2020-01-10 11:23:37
                    _posts/work/tool/qt/2020-01-10-release.md
                    ...done in 5.601254272 seconds.
                    
      Regenerating: 1 file(s) changed at 2020-01-10 11:31:06
                    _posts/work/tool/qt/2020-01-10-release.md
                    ...done in 5.606283281 seconds.
                    
      Regenerating: 1 file(s) changed at 2020-01-10 11:32:35
                    _posts/work/tool/qt/2020-01-10-release.md
                    ...done in 5.587463194 seconds.
                    
      Regenerating: 1 file(s) changed at 2020-01-10 11:32:41
                    _posts/work/tool/qt/2020-01-10-release.md
                    ...done in 5.843779737 seconds.
                    
      Regenerating: 1 file(s) changed at 2020-01-10 11:33:50
                    _posts/work/tool/qt/2020-01-10-release.md
                    ...done in 5.762110731 seconds.
                    
      Regenerating: 1 file(s) changed at 2020-01-10 11:34:09
                    _posts/work/tool/qt/2020-01-10-release.md
                    ...done in 5.830749633 seconds.
                    
      Regenerating: 1 file(s) changed at 2020-01-10 11:34:19
                    _posts/work/tool/qt/2020-01-10-release.md
                    ...done in 5.917422337 seconds.
                    
      Regenerating: 1 file(s) changed at 2020-01-10 11:34:25
                    _posts/work/tool/qt/2020-01-10-release.md
                    ...done in 5.617576032 seconds.
                    
      Regenerating: 1 file(s) changed at 2020-01-10 11:36:55
                    _posts/work/tool/qt/2020-01-10-release.md
                    ...done in 5.857837419 seconds.
                    
      Regenerating: 1 file(s) changed at 2020-01-10 11:37:01
                    _posts/work/tool/qt/2020-01-10-release.md
                    ...done in 5.920599747 seconds.
                    
      Regenerating: 1 file(s) changed at 2020-01-10 11:37:48
                    _posts/work/tool/qt/2020-01-10-release.md
                    ...done in 5.770167906 seconds.
                    
      Regenerating: 1 file(s) changed at 2020-01-10 11:38:26
                    _posts/work/tool/qt/2020-01-10-release.md
                    ...done in 5.715247021 seconds.
                    
      Regenerating: 1 file(s) changed at 2020-01-10 11:38:48
                    _posts/work/tool/qt/2020-01-10-release.md
                    ...done in 5.813805127 seconds.
                    
      Regenerating: 1 file(s) changed at 2020-01-10 11:39:16
                    _posts/work/tool/qt/2020-01-10-release.md
                    ...done in 5.905712239 seconds.
                    
      Regenerating: 1 file(s) changed at 2020-01-10 11:43:26
                    _posts/work/tool/qt/2020-01-10-release.md
                    ...done in 5.741298702 seconds.
                    
      Regenerating: 1 file(s) changed at 2020-01-10 11:45:09
                    _posts/work/tool/qt/2020-01-10-release.md
                    ...done in 5.7421748 seconds.
                    
      Regenerating: 1 file(s) changed at 2020-01-10 11:46:24
                    _posts/work/tool/qt/2020-01-10-release.md
                    ...done in 5.74151219 seconds.
                    
      Regenerating: 1 file(s) changed at 2020-01-10 11:46:46
                    _posts/work/tool/qt/2020-01-10-release.md
                    ...done in 5.72887759 seconds.
                    
      Regenerating: 1 file(s) changed at 2020-01-10 11:48:05
                    _posts/work/tool/qt/2020-01-10-release.md
                    ...done in 5.888224424 seconds.
                    
      Regenerating: 1 file(s) changed at 2020-01-10 11:48:14
                    _posts/work/tool/qt/2020-01-10-release.md
                    ...done in 5.859100611 seconds.
                    
      Regenerating: 1 file(s) changed at 2020-01-10 11:48:40
                    _posts/work/tool/qt/2020-01-10-release.md
                    ...done in 5.761010349 seconds.
                    
      Regenerating: 1 file(s) changed at 2020-01-10 11:54:16
                    _posts/work/tool/qt/2020-01-10-release.md
                    ...done in 5.679072357 seconds.
                    
      Regenerating: 1 file(s) changed at 2020-01-10 11:54:32
                    _posts/work/tool/qt/2020-01-10-release.md
                    ...done in 5.618533104 seconds.
                    
      Regenerating: 1 file(s) changed at 2020-01-10 11:54:39
                    _posts/work/tool/qt/2020-01-10-release.md
                    ...done in 5.560307794 seconds.
                    
      Regenerating: 1 file(s) changed at 2020-01-10 11:57:39
                    _posts/work/tool/qt/2020-01-10-release.md
                    ...done in 5.604440873 seconds.
                    
      Regenerating: 1 file(s) changed at 2020-01-10 11:58:18
                    _posts/work/tool/qt/2020-01-10-release.md
                    ...done in 5.554371216 seconds.
                    
      Regenerating: 1 file(s) changed at 2020-01-10 11:58:24
                    _posts/work/tool/qt/2020-01-10-release.md
                    ...done in 5.6191324 seconds.
                    
      Regenerating: 1 file(s) changed at 2020-01-10 11:58:29
                    _posts/work/tool/qt/2020-01-10-release.md
                    ...done in 5.691839455 seconds.
                    
      Regenerating: 1 file(s) changed at 2020-01-10 11:58:35
                    _posts/work/tool/qt/2020-01-10-release.md
                    ...done in 5.782090225 seconds.
                    
      Regenerating: 1 file(s) changed at 2020-01-10 11:59:25
                    _posts/work/tool/qt/2020-01-10-release.md
                    ...done in 5.558738346 seconds.
                    
      Regenerating: 1 file(s) changed at 2020-01-10 11:59:43
                    _posts/work/tool/qt/2020-01-10-release.md
                    ...done in 5.588196093 seconds.
                    
      Regenerating: 1 file(s) changed at 2020-01-10 11:59:49
                    _posts/work/tool/qt/2020-01-10-release.md
                    ...done in 5.648446169 seconds.
                    
      Regenerating: 1 file(s) changed at 2020-01-10 12:00:15
                    _posts/work/tool/qt/2020-01-10-release.md
                    ...done in 5.590643386 seconds.
                    
      Regenerating: 1 file(s) changed at 2020-01-10 12:00:36
                    _posts/work/tool/qt/2020-01-10-release.md
                    ...done in 5.681461216 seconds.
                    
      Regenerating: 1 file(s) changed at 2020-01-10 12:01:03
                    _posts/work/tool/qt/2020-01-10-release.md
                    ...done in 5.725006978 seconds.
                    
      Regenerating: 1 file(s) changed at 2020-01-10 12:01:08
                    _posts/work/tool/qt/2020-01-10-release.md
                    ...done in 5.638702994 seconds.
                    
      Regenerating: 1 file(s) changed at 2020-01-10 12:01:36
                    _posts/work/tool/qt/2020-01-10-release.md
                    ...done in 5.707423014 seconds.
                    
